Using pre-set license
Built from '2021.3/staging' branch; Version is '2021.3.8f1 (b30333d56e81) revision 11731763'; Using compiler version '192829333'; Build Type 'Release'
OS: 'Windows 10  (10.0.19044) 64bit Core' Language: 'sl' Physical Memory: 16263 MB
BatchMode: 1, IsHumanControllingUs: 0, StartBugReporterOnCrash: 0, Is64bit: 1, IsPro: 1

COMMAND LINE ARGUMENTS:
T:\Software\Unity Hub\Editor\2021.3.8f1\Editor\Unity.exe
-adb2
-batchMode
-noUpm
-name
AssetImportWorker4
-projectPath
T:/Projects/Everstone
-logFile
Logs/AssetImportWorker4.log
-srvPort
62357
Successfully changed project path to: T:/Projects/Everstone
T:/Projects/Everstone
[UnityMemory] Configuration Parameters - Can be set up in boot.config
    "memorysetup-bucket-allocator-granularity=16"
    "memorysetup-bucket-allocator-bucket-count=8"
    "memorysetup-bucket-allocator-block-size=33554432"
    "memorysetup-bucket-allocator-block-count=8"
    "memorysetup-main-allocator-block-size=16777216"
    "memorysetup-thread-allocator-block-size=16777216"
    "memorysetup-gfx-main-allocator-block-size=16777216"
    "memorysetup-gfx-thread-allocator-block-size=16777216"
    "memorysetup-cache-allocator-block-size=4194304"
    "memorysetup-typetree-allocator-block-size=2097152"
    "memorysetup-profiler-bucket-allocator-granularity=16"
    "memorysetup-profiler-bucket-allocator-bucket-count=8"
    "memorysetup-profiler-bucket-allocator-block-size=33554432"
    "memorysetup-profiler-bucket-allocator-block-count=8"
    "memorysetup-profiler-allocator-block-size=16777216"
    "memorysetup-profiler-editor-allocator-block-size=1048576"
    "memorysetup-temp-allocator-size-main=16777216"
    "memorysetup-job-temp-allocator-block-size=2097152"
    "memorysetup-job-temp-allocator-block-size-background=1048576"
    "memorysetup-job-temp-allocator-reduction-small-platforms=262144"
    "memorysetup-temp-allocator-size-background-worker=32768"
    "memorysetup-temp-allocator-size-job-worker=262144"
    "memorysetup-temp-allocator-size-preload-manager=33554432"
    "memorysetup-temp-allocator-size-nav-mesh-worker=65536"
    "memorysetup-temp-allocator-size-audio-worker=65536"
    "memorysetup-temp-allocator-size-cloud-worker=32768"
    "memorysetup-temp-allocator-size-gi-baking-worker=262144"
    "memorysetup-temp-allocator-size-gfx=262144"
Refreshing native plugins compatible for Editor in 160.43 ms, found 4 plugins.
Preloading 0 native plugins for Editor in 0.00 ms.
Initialize engine version: 2021.3.8f1 (b30333d56e81)
[Subsystems] Discovering subsystems at path T:/Software/Unity Hub/Editor/2021.3.8f1/Editor/Data/Resources/UnitySubsystems
[Subsystems] Discovering subsystems at path T:/Projects/Everstone/Assets
GfxDevice: creating device client; threaded=0; jobified=0
Direct3D:
    Version:  Direct3D 11.0 [level 11.1]
    Renderer: NVIDIA GeForce GTX 1060 (ID=0x1c60)
    Vendor:   NVIDIA
    VRAM:     6052 MB
    Driver:   30.0.15.1179
Initialize mono
Mono path[0] = 'T:/Software/Unity Hub/Editor/2021.3.8f1/Editor/Data/Managed'
Mono path[1] = 'T:/Software/Unity Hub/Editor/2021.3.8f1/Editor/Data/MonoBleedingEdge/lib/mono/unityjit-win32'
Mono config path = 'T:/Software/Unity Hub/Editor/2021.3.8f1/Editor/Data/MonoBleedingEdge/etc'
Using monoOptions --debugger-agent=transport=dt_socket,embedding=1,server=y,suspend=n,address=127.0.0.1:56020
Begin MonoManager ReloadAssembly
Registering precompiled unity dll's ...
Register platform support module: T:/Software/Unity Hub/Editor/2021.3.8f1/Editor/Data/PlaybackEngines/WebGLSupport/UnityEditor.WebGL.Extensions.dll
Register platform support module: T:/Software/Unity Hub/Editor/2021.3.8f1/Editor/Data/PlaybackEngines/AndroidPlayer/UnityEditor.Android.Extensions.dll
Register platform support module: T:/Software/Unity Hub/Editor/2021.3.8f1/Editor/Data/PlaybackEngines/WindowsStandaloneSupport/UnityEditor.WindowsStandalone.Extensions.dll
Registered in 0.005014 seconds.
Native extension for WindowsStandalone target not found
Native extension for Android target not found
Native extension for WebGL target not found
Refreshing native plugins compatible for Editor in 150.19 ms, found 4 plugins.
Preloading 0 native plugins for Editor in 0.00 ms.
Mono: successfully reloaded assembly
- Completed reload, in  0.758 seconds
Domain Reload Profiling:
	ReloadAssembly (758ms)
		BeginReloadAssembly (76ms)
			ExecutionOrderSort (0ms)
			DisableScriptedObjects (0ms)
			BackupInstance (0ms)
			ReleaseScriptingObjects (0ms)
			CreateAndSetChildDomain (1ms)
		EndReloadAssembly (571ms)
			LoadAssemblies (75ms)
			RebuildTransferFunctionScriptingTraits (0ms)
			SetupTypeCache (113ms)
			ReleaseScriptCaches (0ms)
			RebuildScriptCaches (34ms)
			SetupLoadedEditorAssemblies (372ms)
				LogAssemblyErrors (0ms)
				InitializePlatformSupportModulesInManaged (48ms)
				SetLoadedEditorAssemblies (0ms)
				RefreshPlugins (150ms)
				BeforeProcessingInitializeOnLoad (1ms)
				ProcessInitializeOnLoadAttributes (125ms)
				ProcessInitializeOnLoadMethodAttributes (47ms)
				AfterProcessingInitializeOnLoad (0ms)
				EditorAssembliesLoaded (0ms)
			ExecutionOrderSort2 (0ms)
			AwakeInstancesAfterBackupRestoration (0ms)
Platform modules already initialized, skipping
Registering precompiled user dll's ...
Registered in 0.006546 seconds.
Begin MonoManager ReloadAssembly
Symbol file LoadedFromMemory doesn't match image T:\Projects\Everstone\Library\PackageCache\com.unity.visualscripting@1.7.8\Editor\VisualScripting.Core\Dependencies\YamlDotNet\Unity.VisualScripting.YamlDotNet.dll
Symbol file LoadedFromMemory doesn't match image T:\Projects\Everstone\Library\PackageCache\com.unity.visualscripting@1.7.8\Editor\VisualScripting.Core\Dependencies\DotNetZip\Unity.VisualScripting.IonicZip.dll
Native extension for WindowsStandalone target not found
Native extension for Android target not found
Native extension for WebGL target not found
Refreshing native plugins compatible for Editor in 152.18 ms, found 4 plugins.
Preloading 0 native plugins for Editor in 0.00 ms.
Mono: successfully reloaded assembly
Package Manager log level set to [2]
- Completed reload, in  1.373 seconds
Domain Reload Profiling:
	ReloadAssembly (1374ms)
		BeginReloadAssembly (117ms)
			ExecutionOrderSort (0ms)
			DisableScriptedObjects (6ms)
			BackupInstance (0ms)
			ReleaseScriptingObjects (0ms)
			CreateAndSetChildDomain (21ms)
		EndReloadAssembly (1138ms)
			LoadAssemblies (98ms)
			RebuildTransferFunctionScriptingTraits (0ms)
			SetupTypeCache (271ms)
			ReleaseScriptCaches (1ms)
			RebuildScriptCaches (74ms)
			SetupLoadedEditorAssemblies (642ms)
				LogAssemblyErrors (0ms)
				InitializePlatformSupportModulesInManaged (15ms)
				SetLoadedEditorAssemblies (1ms)
				RefreshPlugins (152ms)
				BeforeProcessingInitializeOnLoad (120ms)
				ProcessInitializeOnLoadAttributes (305ms)
				ProcessInitializeOnLoadMethodAttributes (45ms)
				AfterProcessingInitializeOnLoad (3ms)
				EditorAssembliesLoaded (0ms)
			ExecutionOrderSort2 (0ms)
			AwakeInstancesAfterBackupRestoration (6ms)
Platform modules already initialized, skipping
========================================================================
Worker process is ready to serve import requests
Launched and connected shader compiler UnityShaderCompiler.exe after 0.08 seconds
Refreshing native plugins compatible for Editor in 1.45 ms, found 4 plugins.
Preloading 0 native plugins for Editor in 0.00 ms.
Unloading 4378 Unused Serialized files (Serialized files now loaded: 0)
Unloading 54 unused Assets / (55.4 KB). Loaded Objects now: 4824.
Memory consumption went from 169.0 MB to 169.0 MB.
Total: 3.907600 ms (FindLiveObjects: 0.330500 ms CreateObjectMapping: 0.292300 ms MarkObjects: 3.207000 ms  DeleteObjects: 0.076900 ms)

AssetImportParameters requested are different than current active one (requested -> active):
  custom:video-decoder-ogg-theora: a1e56fd34408186e4bbccfd4996cb3dc -> 
  custom:container-muxer-webm: aa71ff27fc2769a1b78a27578f13a17b -> 
  custom:container-demuxer-webm: 4f35f7cbe854078d1ac9338744f61a02 -> 
  custom:video-encoder-webm-vp8: eb34c28f22e8b96e1ab97ce403110664 -> 
  custom:audio-encoder-webm-vorbis: bf7c407c2cedff20999df2af8eb42d56 -> 
  custom:framework-win-MediaFoundation: 216162199b28c13a410421893ffa2e32 -> 
  custom:container-demuxer-ogg: 62fdf1f143b41e24485cea50d1cbac27 -> 
  custom:video-decoder-webm-vp8: 9c59270c3fd7afecdb556c50c9e8de78 -> 
  custom:audio-decoder-ogg-vorbis: bf7c407c2cedff20999df2af8eb42d56 -> 
========================================================================
Received Import Request.
  Time since last request: 323283.995256 seconds.
  path: Assets/Prefabs/Units/UnitPrefab.prefab
  artifactKey: Guid(3bb5eab35f5c3d34eb841bbce7be4fb1) Importer(815301076,1909f56bfc062723c751e8b465ee728b)
Start importing Assets/Prefabs/Units/UnitPrefab.prefab using Guid(3bb5eab35f5c3d34eb841bbce7be4fb1) Importer(815301076,1909f56bfc062723c751e8b465ee728b)  -> (artifact id: 'aa8e4f4c4f23ce56b63720f1e64dc023') in 0.071279 seconds 
========================================================================
Received Import Request.
  Time since last request: 119.297677 seconds.
  path: Assets/Prefabs/Units/UnitPrefab.prefab
  artifactKey: Guid(3bb5eab35f5c3d34eb841bbce7be4fb1) Importer(815301076,1909f56bfc062723c751e8b465ee728b)
Start importing Assets/Prefabs/Units/UnitPrefab.prefab using Guid(3bb5eab35f5c3d34eb841bbce7be4fb1) Importer(815301076,1909f56bfc062723c751e8b465ee728b)  -> (artifact id: 'a6b218b2c565c9d680cfc25e9e0e3c67') in 0.006038 seconds 
========================================================================
Received Import Request.
  Time since last request: 108.183757 seconds.
  path: Assets/Sprites/Icons/100_avatar_1/Standart/Monsters_32.png
  artifactKey: Guid(1c4c11aa2a1026943b6404812a40440c) Importer(815301076,1909f56bfc062723c751e8b465ee728b)
Start importing Assets/Sprites/Icons/100_avatar_1/Standart/Monsters_32.png using Guid(1c4c11aa2a1026943b6404812a40440c) Importer(815301076,1909f56bfc062723c751e8b465ee728b)  -> (artifact id: 'a52f66bc0320204c50f29ce965205ad7') in 0.266592 seconds 
========================================================================
Received Import Request.
  Time since last request: 0.000023 seconds.
  path: Assets/Sprites/Icons/100_avatar_1/Standart/Monsters_36.png
  artifactKey: Guid(26f3bb2d00cedfe4bb17e4eb27da0524) Importer(815301076,1909f56bfc062723c751e8b465ee728b)
Start importing Assets/Sprites/Icons/100_avatar_1/Standart/Monsters_36.png using Guid(26f3bb2d00cedfe4bb17e4eb27da0524) Importer(815301076,1909f56bfc062723c751e8b465ee728b)  -> (artifact id: '3d39147a0d2dd3740903272f3b346683') in 0.055616 seconds 
========================================================================
Received Import Request.
  Time since last request: 0.000033 seconds.
  path: Assets/Sprites/Icons/100_avatar_1/Standart/Monsters_35.png
  artifactKey: Guid(5c58f47db287ba445ae2930d738ed4cb) Importer(815301076,1909f56bfc062723c751e8b465ee728b)
Start importing Assets/Sprites/Icons/100_avatar_1/Standart/Monsters_35.png using Guid(5c58f47db287ba445ae2930d738ed4cb) Importer(815301076,1909f56bfc062723c751e8b465ee728b)  -> (artifact id: 'b16fc36562cccbf1664f189e33791f60') in 0.037644 seconds 
========================================================================
Received Import Request.
  Time since last request: 1.595005 seconds.
  path: Assets/Sprites/Icons/100_avatar_1/Standart/Monsters_38.png
  artifactKey: Guid(3688bd6c2d2dfc046b662510d8adea12) Importer(815301076,1909f56bfc062723c751e8b465ee728b)
Start importing Assets/Sprites/Icons/100_avatar_1/Standart/Monsters_38.png using Guid(3688bd6c2d2dfc046b662510d8adea12) Importer(815301076,1909f56bfc062723c751e8b465ee728b)  -> (artifact id: '422f89e4c341ee6e4ba315ce25c281ea') in 0.069237 seconds 
========================================================================
Received Import Request.
  Time since last request: 0.048704 seconds.
  path: Assets/Sprites/Icons/100_avatar_1/Standart/Monsters_41.png
  artifactKey: Guid(47cac6bf7b7c54e438d544ea2af61271) Importer(815301076,1909f56bfc062723c751e8b465ee728b)
Start importing Assets/Sprites/Icons/100_avatar_1/Standart/Monsters_41.png using Guid(47cac6bf7b7c54e438d544ea2af61271) Importer(815301076,1909f56bfc062723c751e8b465ee728b)  -> (artifact id: '37850433743ad2b0448f949ef4bce7fd') in 0.073270 seconds 
========================================================================
Received Import Request.
  Time since last request: 0.000023 seconds.
  path: Assets/Sprites/Icons/100_avatar_1/Standart/Monsters_43.png
  artifactKey: Guid(e5b5c0c21ce77034b90fd17e1cd73772) Importer(815301076,1909f56bfc062723c751e8b465ee728b)
Start importing Assets/Sprites/Icons/100_avatar_1/Standart/Monsters_43.png using Guid(e5b5c0c21ce77034b90fd17e1cd73772) Importer(815301076,1909f56bfc062723c751e8b465ee728b)  -> (artifact id: 'cc9a9f38c6681910f06120d4b4540960') in 0.036266 seconds 
========================================================================
Received Import Request.
  Time since last request: 0.035746 seconds.
  path: Assets/Sprites/Icons/100_avatar_1/Standart/Monsters_44.png
  artifactKey: Guid(6d52a538062c7e2409fcdf1dc8596179) Importer(815301076,1909f56bfc062723c751e8b465ee728b)
Start importing Assets/Sprites/Icons/100_avatar_1/Standart/Monsters_44.png using Guid(6d52a538062c7e2409fcdf1dc8596179) Importer(815301076,1909f56bfc062723c751e8b465ee728b)  -> (artifact id: '32a7ca1061532eb0d4811eca2887dc5f') in 0.028905 seconds 
========================================================================
Received Import Request.
  Time since last request: 0.000017 seconds.
  path: Assets/Sprites/Icons/100_avatar_1/Standart/Monsters_46.png
  artifactKey: Guid(c99414074473a884aaf1bb756c507f6f) Importer(815301076,1909f56bfc062723c751e8b465ee728b)
Start importing Assets/Sprites/Icons/100_avatar_1/Standart/Monsters_46.png using Guid(c99414074473a884aaf1bb756c507f6f) Importer(815301076,1909f56bfc062723c751e8b465ee728b)  -> (artifact id: '3345b29b50a10e5dda197da40cfe2be4') in 0.044337 seconds 
========================================================================
Received Import Request.
  Time since last request: 1.470853 seconds.
  path: Assets/Sprites/Icons/100_avatar_1/Standart/Monsters_47.png
  artifactKey: Guid(e0eda9c53cf6cf94ba020aca77b720b1) Importer(815301076,1909f56bfc062723c751e8b465ee728b)
Start importing Assets/Sprites/Icons/100_avatar_1/Standart/Monsters_47.png using Guid(e0eda9c53cf6cf94ba020aca77b720b1) Importer(815301076,1909f56bfc062723c751e8b465ee728b)  -> (artifact id: '07138374890ec6e6fd68301af7e91d57') in 0.022199 seconds 
========================================================================
Received Import Request.
  Time since last request: 0.000018 seconds.
  path: Assets/Sprites/Icons/100_avatar_1/Standart/Monsters_49.png
  artifactKey: Guid(2b5af3defe3bc0842b9590a832c7e6eb) Importer(815301076,1909f56bfc062723c751e8b465ee728b)
Start importing Assets/Sprites/Icons/100_avatar_1/Standart/Monsters_49.png using Guid(2b5af3defe3bc0842b9590a832c7e6eb) Importer(815301076,1909f56bfc062723c751e8b465ee728b)  -> (artifact id: 'f7f7420c37341c0717dcb19ac9e28ea6') in 0.019451 seconds 
========================================================================
Received Import Request.
  Time since last request: 0.122645 seconds.
  path: Assets/Sprites/Icons/100_avatar_1/Standart/Monsters_50.png
  artifactKey: Guid(c3c166733801af346b714418fd869d01) Importer(815301076,1909f56bfc062723c751e8b465ee728b)
Start importing Assets/Sprites/Icons/100_avatar_1/Standart/Monsters_50.png using Guid(c3c166733801af346b714418fd869d01) Importer(815301076,1909f56bfc062723c751e8b465ee728b)  -> (artifact id: '7ba82e38c13af977142b72d21258a47e') in 0.044590 seconds 
========================================================================
Received Import Request.
  Time since last request: 0.000024 seconds.
  path: Assets/Sprites/Icons/100_avatar_1/Standart/Monsters_52.png
  artifactKey: Guid(69e7911abc84ea94eaf0359d02bf7b78) Importer(815301076,1909f56bfc062723c751e8b465ee728b)
Start importing Assets/Sprites/Icons/100_avatar_1/Standart/Monsters_52.png using Guid(69e7911abc84ea94eaf0359d02bf7b78) Importer(815301076,1909f56bfc062723c751e8b465ee728b)  -> (artifact id: '7bfa9f5abcc618a4f742a5fb291b3ef6') in 0.037438 seconds 
========================================================================
Received Import Request.
  Time since last request: 1.451902 seconds.
  path: Assets/Sprites/Icons/100_avatar_1/Standart/Monsters_53.png
  artifactKey: Guid(8a891e20c9aec8e4986a4012b20b440a) Importer(815301076,1909f56bfc062723c751e8b465ee728b)
Start importing Assets/Sprites/Icons/100_avatar_1/Standart/Monsters_53.png using Guid(8a891e20c9aec8e4986a4012b20b440a) Importer(815301076,1909f56bfc062723c751e8b465ee728b)  -> (artifact id: '41382e0a80cead171488c0baaf0a4642') in 0.085983 seconds 
========================================================================
Received Import Request.
  Time since last request: 0.081074 seconds.
  path: Assets/Sprites/Icons/100_avatar_1/Standart/Monsters_56.png
  artifactKey: Guid(ebc00eb16055aa04da48aa77ca227bbb) Importer(815301076,1909f56bfc062723c751e8b465ee728b)
Start importing Assets/Sprites/Icons/100_avatar_1/Standart/Monsters_56.png using Guid(ebc00eb16055aa04da48aa77ca227bbb) Importer(815301076,1909f56bfc062723c751e8b465ee728b)  -> (artifact id: '45eaf14f7d2c37dabdc3a2acc41042db') in 0.073388 seconds 
========================================================================
Received Import Request.
  Time since last request: 0.734498 seconds.
  path: Assets/Sprites/Icons/100_avatar_1/Standart/Monsters_59.png
  artifactKey: Guid(730e7fe996a41eb48b9bcc5fcf2dc900) Importer(815301076,1909f56bfc062723c751e8b465ee728b)
Start importing Assets/Sprites/Icons/100_avatar_1/Standart/Monsters_59.png using Guid(730e7fe996a41eb48b9bcc5fcf2dc900) Importer(815301076,1909f56bfc062723c751e8b465ee728b)  -> (artifact id: '94f5af652a9a089d0ffc6b365b79dd20') in 0.023009 seconds 
========================================================================
Received Import Request.
  Time since last request: 0.000023 seconds.
  path: Assets/Sprites/Icons/100_avatar_1/Standart/Monsters_63.png
  artifactKey: Guid(d8bb34dc3c67ca045beec76a1af63641) Importer(815301076,1909f56bfc062723c751e8b465ee728b)
Start importing Assets/Sprites/Icons/100_avatar_1/Standart/Monsters_63.png using Guid(d8bb34dc3c67ca045beec76a1af63641) Importer(815301076,1909f56bfc062723c751e8b465ee728b)  -> (artifact id: '7da221f2aff7abacfce99116e7d0deac') in 0.057757 seconds 
========================================================================
Received Import Request.
  Time since last request: 4.726513 seconds.
  path: Assets/Sprites/Icons/100_avatar_1/Standart/Monsters_65.png
  artifactKey: Guid(c8da14ca92fc8b64990a7ef59f1889a9) Importer(815301076,1909f56bfc062723c751e8b465ee728b)
Start importing Assets/Sprites/Icons/100_avatar_1/Standart/Monsters_65.png using Guid(c8da14ca92fc8b64990a7ef59f1889a9) Importer(815301076,1909f56bfc062723c751e8b465ee728b)  -> (artifact id: 'c1586d26b7a313ebbbb2f7c8a2dc29ef') in 0.149192 seconds 
