Using pre-set license
Built from '2021.3/staging' branch; Version is '2021.3.8f1 (b30333d56e81) revision 11731763'; Using compiler version '192829333'; Build Type 'Release'
OS: 'Windows 10  (10.0.19044) 64bit Core' Language: 'sl' Physical Memory: 16263 MB
BatchMode: 1, IsHumanControllingUs: 0, StartBugReporterOnCrash: 0, Is64bit: 1, IsPro: 1

COMMAND LINE ARGUMENTS:
T:\Software\Unity Hub\Editor\2021.3.8f1\Editor\Unity.exe
-adb2
-batchMode
-noUpm
-name
AssetImportWorker2
-projectPath
T:/Projects/Everstone
-logFile
Logs/AssetImportWorker2.log
-srvPort
58731
Successfully changed project path to: T:/Projects/Everstone
T:/Projects/Everstone
[UnityMemory] Configuration Parameters - Can be set up in boot.config
    "memorysetup-bucket-allocator-granularity=16"
    "memorysetup-bucket-allocator-bucket-count=8"
    "memorysetup-bucket-allocator-block-size=33554432"
    "memorysetup-bucket-allocator-block-count=8"
    "memorysetup-main-allocator-block-size=16777216"
    "memorysetup-thread-allocator-block-size=16777216"
    "memorysetup-gfx-main-allocator-block-size=16777216"
    "memorysetup-gfx-thread-allocator-block-size=16777216"
    "memorysetup-cache-allocator-block-size=4194304"
    "memorysetup-typetree-allocator-block-size=2097152"
    "memorysetup-profiler-bucket-allocator-granularity=16"
    "memorysetup-profiler-bucket-allocator-bucket-count=8"
    "memorysetup-profiler-bucket-allocator-block-size=33554432"
    "memorysetup-profiler-bucket-allocator-block-count=8"
    "memorysetup-profiler-allocator-block-size=16777216"
    "memorysetup-profiler-editor-allocator-block-size=1048576"
    "memorysetup-temp-allocator-size-main=16777216"
    "memorysetup-job-temp-allocator-block-size=2097152"
    "memorysetup-job-temp-allocator-block-size-background=1048576"
    "memorysetup-job-temp-allocator-reduction-small-platforms=262144"
    "memorysetup-temp-allocator-size-background-worker=32768"
    "memorysetup-temp-allocator-size-job-worker=262144"
    "memorysetup-temp-allocator-size-preload-manager=33554432"
    "memorysetup-temp-allocator-size-nav-mesh-worker=65536"
    "memorysetup-temp-allocator-size-audio-worker=65536"
    "memorysetup-temp-allocator-size-cloud-worker=32768"
    "memorysetup-temp-allocator-size-gi-baking-worker=262144"
    "memorysetup-temp-allocator-size-gfx=262144"
Refreshing native plugins compatible for Editor in 157.87 ms, found 4 plugins.
Preloading 0 native plugins for Editor in 0.00 ms.
Initialize engine version: 2021.3.8f1 (b30333d56e81)
[Subsystems] Discovering subsystems at path T:/Software/Unity Hub/Editor/2021.3.8f1/Editor/Data/Resources/UnitySubsystems
[Subsystems] Discovering subsystems at path T:/Projects/Everstone/Assets
GfxDevice: creating device client; threaded=0; jobified=0
Direct3D:
    Version:  Direct3D 11.0 [level 11.1]
    Renderer: NVIDIA GeForce GTX 1060 (ID=0x1c60)
    Vendor:   NVIDIA
    VRAM:     6052 MB
    Driver:   30.0.15.1278
Initialize mono
Mono path[0] = 'T:/Software/Unity Hub/Editor/2021.3.8f1/Editor/Data/Managed'
Mono path[1] = 'T:/Software/Unity Hub/Editor/2021.3.8f1/Editor/Data/MonoBleedingEdge/lib/mono/unityjit-win32'
Mono config path = 'T:/Software/Unity Hub/Editor/2021.3.8f1/Editor/Data/MonoBleedingEdge/etc'
Using monoOptions --debugger-agent=transport=dt_socket,embedding=1,server=y,suspend=n,address=127.0.0.1:56664
Begin MonoManager ReloadAssembly
Registering precompiled unity dll's ...
Register platform support module: T:/Software/Unity Hub/Editor/2021.3.8f1/Editor/Data/PlaybackEngines/WebGLSupport/UnityEditor.WebGL.Extensions.dll
Register platform support module: T:/Software/Unity Hub/Editor/2021.3.8f1/Editor/Data/PlaybackEngines/AndroidPlayer/UnityEditor.Android.Extensions.dll
Register platform support module: T:/Software/Unity Hub/Editor/2021.3.8f1/Editor/Data/PlaybackEngines/WindowsStandaloneSupport/UnityEditor.WindowsStandalone.Extensions.dll
Registered in 0.004413 seconds.
Native extension for WindowsStandalone target not found
Native extension for Android target not found
Native extension for WebGL target not found
Refreshing native plugins compatible for Editor in 181.81 ms, found 4 plugins.
Preloading 0 native plugins for Editor in 0.00 ms.
Mono: successfully reloaded assembly
- Completed reload, in  0.786 seconds
Domain Reload Profiling:
	ReloadAssembly (786ms)
		BeginReloadAssembly (71ms)
			ExecutionOrderSort (0ms)
			DisableScriptedObjects (0ms)
			BackupInstance (0ms)
			ReleaseScriptingObjects (0ms)
			CreateAndSetChildDomain (1ms)
		EndReloadAssembly (611ms)
			LoadAssemblies (70ms)
			RebuildTransferFunctionScriptingTraits (0ms)
			SetupTypeCache (110ms)
			ReleaseScriptCaches (0ms)
			RebuildScriptCaches (33ms)
			SetupLoadedEditorAssemblies (415ms)
				LogAssemblyErrors (0ms)
				InitializePlatformSupportModulesInManaged (45ms)
				SetLoadedEditorAssemblies (0ms)
				RefreshPlugins (182ms)
				BeforeProcessingInitializeOnLoad (2ms)
				ProcessInitializeOnLoadAttributes (141ms)
				ProcessInitializeOnLoadMethodAttributes (45ms)
				AfterProcessingInitializeOnLoad (0ms)
				EditorAssembliesLoaded (0ms)
			ExecutionOrderSort2 (0ms)
			AwakeInstancesAfterBackupRestoration (0ms)
Platform modules already initialized, skipping
Registering precompiled user dll's ...
Registered in 0.006131 seconds.
Begin MonoManager ReloadAssembly
Symbol file LoadedFromMemory doesn't match image T:\Projects\Everstone\Library\PackageCache\com.unity.visualscripting@1.7.8\Editor\VisualScripting.Core\Dependencies\YamlDotNet\Unity.VisualScripting.YamlDotNet.dll
Symbol file LoadedFromMemory doesn't match image T:\Projects\Everstone\Library\PackageCache\com.unity.visualscripting@1.7.8\Editor\VisualScripting.Core\Dependencies\DotNetZip\Unity.VisualScripting.IonicZip.dll
Native extension for WindowsStandalone target not found
Native extension for Android target not found
Native extension for WebGL target not found
Refreshing native plugins compatible for Editor in 182.42 ms, found 4 plugins.
Preloading 0 native plugins for Editor in 0.00 ms.
Mono: successfully reloaded assembly
Package Manager log level set to [2]
- Completed reload, in  1.378 seconds
Domain Reload Profiling:
	ReloadAssembly (1379ms)
		BeginReloadAssembly (113ms)
			ExecutionOrderSort (0ms)
			DisableScriptedObjects (6ms)
			BackupInstance (0ms)
			ReleaseScriptingObjects (0ms)
			CreateAndSetChildDomain (21ms)
		EndReloadAssembly (1155ms)
			LoadAssemblies (87ms)
			RebuildTransferFunctionScriptingTraits (0ms)
			SetupTypeCache (258ms)
			ReleaseScriptCaches (1ms)
			RebuildScriptCaches (67ms)
			SetupLoadedEditorAssemblies (689ms)
				LogAssemblyErrors (0ms)
				InitializePlatformSupportModulesInManaged (15ms)
				SetLoadedEditorAssemblies (1ms)
				RefreshPlugins (182ms)
				BeforeProcessingInitializeOnLoad (154ms)
				ProcessInitializeOnLoadAttributes (285ms)
				ProcessInitializeOnLoadMethodAttributes (48ms)
				AfterProcessingInitializeOnLoad (3ms)
				EditorAssembliesLoaded (0ms)
			ExecutionOrderSort2 (0ms)
			AwakeInstancesAfterBackupRestoration (6ms)
Platform modules already initialized, skipping
========================================================================
Worker process is ready to serve import requests
Launched and connected shader compiler UnityShaderCompiler.exe after 0.04 seconds
Refreshing native plugins compatible for Editor in 1.49 ms, found 4 plugins.
Preloading 0 native plugins for Editor in 0.00 ms.
Unloading 4376 Unused Serialized files (Serialized files now loaded: 0)
Unloading 54 unused Assets / (55.4 KB). Loaded Objects now: 4822.
Memory consumption went from 169.0 MB to 168.9 MB.
Total: 4.886800 ms (FindLiveObjects: 0.403700 ms CreateObjectMapping: 0.356500 ms MarkObjects: 4.020100 ms  DeleteObjects: 0.105400 ms)

AssetImportParameters requested are different than current active one (requested -> active):
  custom:video-decoder-ogg-theora: a1e56fd34408186e4bbccfd4996cb3dc -> 
  custom:container-muxer-webm: aa71ff27fc2769a1b78a27578f13a17b -> 
  custom:container-demuxer-webm: 4f35f7cbe854078d1ac9338744f61a02 -> 
  custom:video-encoder-webm-vp8: eb34c28f22e8b96e1ab97ce403110664 -> 
  custom:audio-encoder-webm-vorbis: bf7c407c2cedff20999df2af8eb42d56 -> 
  custom:framework-win-MediaFoundation: 216162199b28c13a410421893ffa2e32 -> 
  custom:container-demuxer-ogg: 62fdf1f143b41e24485cea50d1cbac27 -> 
  custom:video-decoder-webm-vp8: 9c59270c3fd7afecdb556c50c9e8de78 -> 
  custom:audio-decoder-ogg-vorbis: bf7c407c2cedff20999df2af8eb42d56 -> 
========================================================================
Received Import Request.
  Time since last request: 328077.367998 seconds.
  path: Assets/Resources/Sprite Assets/infinity_everstone_assets.asset
  artifactKey: Guid(eed0dae986ee7554692ab29968e104e6) Importer(815301076,1909f56bfc062723c751e8b465ee728b)
Start importing Assets/Resources/Sprite Assets/infinity_everstone_assets.asset using Guid(eed0dae986ee7554692ab29968e104e6) Importer(815301076,1909f56bfc062723c751e8b465ee728b)  -> (artifact id: '5df76a3cbdbccd317df0744af1132aae') in 0.057212 seconds 
========================================================================
Received Import Request.
  Time since last request: 504.146517 seconds.
  path: Assets/Resources/Heroes/Classes/SO_HeroClass_Warrior.asset
  artifactKey: Guid(04074c0f3277ec74a86e78347bb12a1a) Importer(815301076,1909f56bfc062723c751e8b465ee728b)
Start importing Assets/Resources/Heroes/Classes/SO_HeroClass_Warrior.asset using Guid(04074c0f3277ec74a86e78347bb12a1a) Importer(815301076,1909f56bfc062723c751e8b465ee728b)  -> (artifact id: 'bda9e7526af8014c64c5d5aa9c5dc386') in 0.011487 seconds 
========================================================================
Received Import Request.
  Time since last request: 0.000028 seconds.
  path: Assets/Resources/Heroes/Classes/SO_HeroClass_Rogue.asset
  artifactKey: Guid(2974875a4081b88488d2faab6fe14337) Importer(815301076,1909f56bfc062723c751e8b465ee728b)
Start importing Assets/Resources/Heroes/Classes/SO_HeroClass_Rogue.asset using Guid(2974875a4081b88488d2faab6fe14337) Importer(815301076,1909f56bfc062723c751e8b465ee728b)  -> (artifact id: 'bcb6991694e0bfa404c778f4534e3c92') in 0.006502 seconds 
========================================================================
Received Import Request.
  Time since last request: 25.695770 seconds.
  path: Assets/Prefabs/Systems.prefab
  artifactKey: Guid(1a32bb5aaf21df040a86121d1db770fb) Importer(815301076,1909f56bfc062723c751e8b465ee728b)
Start importing Assets/Prefabs/Systems.prefab using Guid(1a32bb5aaf21df040a86121d1db770fb) Importer(815301076,1909f56bfc062723c751e8b465ee728b)  -> (artifact id: '3e995f4964a7f9e070c55b709ffc0cae') in 0.028112 seconds 
========================================================================
Received Import Request.
  Time since last request: 2.004027 seconds.
  path: Assets/Prefabs/Units/UnitPrefab.prefab
  artifactKey: Guid(3bb5eab35f5c3d34eb841bbce7be4fb1) Importer(815301076,1909f56bfc062723c751e8b465ee728b)
Start importing Assets/Prefabs/Units/UnitPrefab.prefab using Guid(3bb5eab35f5c3d34eb841bbce7be4fb1) Importer(815301076,1909f56bfc062723c751e8b465ee728b)  -> (artifact id: '6984c42a47d6d6986c901017620a4aaa') in 0.012947 seconds 
========================================================================
Received Import Request.
  Time since last request: 9.764290 seconds.
  path: Assets/Prefabs/Units/UnitPrefab.prefab
  artifactKey: Guid(3bb5eab35f5c3d34eb841bbce7be4fb1) Importer(815301076,1909f56bfc062723c751e8b465ee728b)
Start importing Assets/Prefabs/Units/UnitPrefab.prefab using Guid(3bb5eab35f5c3d34eb841bbce7be4fb1) Importer(815301076,1909f56bfc062723c751e8b465ee728b)  -> (artifact id: '799b52fa419ba6c59c7dc5143688b183') in 0.006705 seconds 
========================================================================
Received Import Request.
  Time since last request: 24.303875 seconds.
  path: Assets/Prefabs/Units/UnitPrefab.prefab
  artifactKey: Guid(3bb5eab35f5c3d34eb841bbce7be4fb1) Importer(815301076,1909f56bfc062723c751e8b465ee728b)
Start importing Assets/Prefabs/Units/UnitPrefab.prefab using Guid(3bb5eab35f5c3d34eb841bbce7be4fb1) Importer(815301076,1909f56bfc062723c751e8b465ee728b)  -> (artifact id: '733c0c9c0b21b3b856895509a1db46ee') in 0.007174 seconds 
========================================================================
Received Import Request.
  Time since last request: 7.217145 seconds.
  path: Assets/Prefabs/Units/UnitPrefab.prefab
  artifactKey: Guid(3bb5eab35f5c3d34eb841bbce7be4fb1) Importer(815301076,1909f56bfc062723c751e8b465ee728b)
Start importing Assets/Prefabs/Units/UnitPrefab.prefab using Guid(3bb5eab35f5c3d34eb841bbce7be4fb1) Importer(815301076,1909f56bfc062723c751e8b465ee728b)  -> (artifact id: '093ddf7b4b2203b913797da3fdbda825') in 0.006291 seconds 
========================================================================
Received Import Request.
  Time since last request: 8.172631 seconds.
  path: Assets/Prefabs/Units/UnitPrefab.prefab
  artifactKey: Guid(3bb5eab35f5c3d34eb841bbce7be4fb1) Importer(815301076,1909f56bfc062723c751e8b465ee728b)
Start importing Assets/Prefabs/Units/UnitPrefab.prefab using Guid(3bb5eab35f5c3d34eb841bbce7be4fb1) Importer(815301076,1909f56bfc062723c751e8b465ee728b)  -> (artifact id: '156d677a5f83146e54738ec9be26ab4f') in 0.006799 seconds 
========================================================================
Received Import Request.
  Time since last request: 7.690337 seconds.
  path: Assets/Prefabs/Units/UnitPrefab.prefab
  artifactKey: Guid(3bb5eab35f5c3d34eb841bbce7be4fb1) Importer(815301076,1909f56bfc062723c751e8b465ee728b)
Start importing Assets/Prefabs/Units/UnitPrefab.prefab using Guid(3bb5eab35f5c3d34eb841bbce7be4fb1) Importer(815301076,1909f56bfc062723c751e8b465ee728b)  -> (artifact id: 'd2097f0c272bde6d7093cb6239e0c004') in 0.006660 seconds 
========================================================================
Received Import Request.
  Time since last request: 15.412075 seconds.
  path: Assets/Sprites/UI/Classic_RPG_GUI Pack/Icons/Inventory.png
  artifactKey: Guid(c6372abae4e0907439fea38a0d9a8ef0) Importer(815301076,1909f56bfc062723c751e8b465ee728b)
Start importing Assets/Sprites/UI/Classic_RPG_GUI Pack/Icons/Inventory.png using Guid(c6372abae4e0907439fea38a0d9a8ef0) Importer(815301076,1909f56bfc062723c751e8b465ee728b)  -> (artifact id: '3796cacd0af92fe9ea1a6b58a8acb0f0') in 0.278369 seconds 
========================================================================
Received Import Request.
  Time since last request: 0.000022 seconds.
  path: Assets/Sprites/UI/Classic_RPG_GUI Pack/Icons/Skull.png
  artifactKey: Guid(90e99ee31082a974d8fe466a02d2195a) Importer(815301076,1909f56bfc062723c751e8b465ee728b)
Start importing Assets/Sprites/UI/Classic_RPG_GUI Pack/Icons/Skull.png using Guid(90e99ee31082a974d8fe466a02d2195a) Importer(815301076,1909f56bfc062723c751e8b465ee728b)  -> (artifact id: 'dfa638f02413a901a45d3a19f78359c1') in 0.057989 seconds 
========================================================================
Received Import Request.
  Time since last request: 0.000029 seconds.
  path: Assets/Sprites/UI/Classic_RPG_GUI Pack/Icons/runes.png
  artifactKey: Guid(2c9e1e10abb92f34f9a160b63dbe8ff1) Importer(815301076,1909f56bfc062723c751e8b465ee728b)
Start importing Assets/Sprites/UI/Classic_RPG_GUI Pack/Icons/runes.png using Guid(2c9e1e10abb92f34f9a160b63dbe8ff1) Importer(815301076,1909f56bfc062723c751e8b465ee728b)  -> (artifact id: '5a9310245babcfed0e1f5939b7ec09f4') in 0.066312 seconds 
========================================================================
Received Import Request.
  Time since last request: 0.000023 seconds.
  path: Assets/Sprites/UI/Classic_RPG_GUI Pack/Icons/trade.png
  artifactKey: Guid(2a0bc5c4ff865a7498182b25a3f99177) Importer(815301076,1909f56bfc062723c751e8b465ee728b)
Start importing Assets/Sprites/UI/Classic_RPG_GUI Pack/Icons/trade.png using Guid(2a0bc5c4ff865a7498182b25a3f99177) Importer(815301076,1909f56bfc062723c751e8b465ee728b)  -> (artifact id: '6159a62f848aa553a469e83e260a4ba9') in 0.017733 seconds 
========================================================================
Received Import Request.
  Time since last request: 0.000024 seconds.
  path: Assets/Sprites/UI/Classic_RPG_GUI Pack/Icons/Quest.png
  artifactKey: Guid(7db1923eb587c3345bdbe7f985d43b60) Importer(815301076,1909f56bfc062723c751e8b465ee728b)
Start importing Assets/Sprites/UI/Classic_RPG_GUI Pack/Icons/Quest.png using Guid(7db1923eb587c3345bdbe7f985d43b60) Importer(815301076,1909f56bfc062723c751e8b465ee728b)  -> (artifact id: '02f96642a0be44092bb363ca7689e3c8') in 0.069369 seconds 
Editor requested this worker to shutdown with reason: Scaling down because of idle timeout
AssetImportWorker is now disconnected from the server
Process exiting
Exiting without the bug reporter. Application will terminate with return code 0