Using pre-set license
Built from '2021.3/staging' branch; Version is '2021.3.8f1 (b30333d56e81) revision 11731763'; Using compiler version '192829333'; Build Type 'Release'
OS: 'Windows 10  (10.0.19044) 64bit Core' Language: 'sl' Physical Memory: 16263 MB
BatchMode: 1, IsHumanControllingUs: 0, StartBugReporterOnCrash: 0, Is64bit: 1, IsPro: 1

COMMAND LINE ARGUMENTS:
T:\Software\Unity Hub\Editor\2021.3.8f1\Editor\Unity.exe
-adb2
-batchMode
-noUpm
-name
AssetImportWorker1
-projectPath
T:/Projects/Everstone
-logFile
Logs/AssetImportWorker1.log
-srvPort
57223
Successfully changed project path to: T:/Projects/Everstone
T:/Projects/Everstone
[UnityMemory] Configuration Parameters - Can be set up in boot.config
    "memorysetup-bucket-allocator-granularity=16"
    "memorysetup-bucket-allocator-bucket-count=8"
    "memorysetup-bucket-allocator-block-size=33554432"
    "memorysetup-bucket-allocator-block-count=8"
    "memorysetup-main-allocator-block-size=16777216"
    "memorysetup-thread-allocator-block-size=16777216"
    "memorysetup-gfx-main-allocator-block-size=16777216"
    "memorysetup-gfx-thread-allocator-block-size=16777216"
    "memorysetup-cache-allocator-block-size=4194304"
    "memorysetup-typetree-allocator-block-size=2097152"
    "memorysetup-profiler-bucket-allocator-granularity=16"
    "memorysetup-profiler-bucket-allocator-bucket-count=8"
    "memorysetup-profiler-bucket-allocator-block-size=33554432"
    "memorysetup-profiler-bucket-allocator-block-count=8"
    "memorysetup-profiler-allocator-block-size=16777216"
    "memorysetup-profiler-editor-allocator-block-size=1048576"
    "memorysetup-temp-allocator-size-main=16777216"
    "memorysetup-job-temp-allocator-block-size=2097152"
    "memorysetup-job-temp-allocator-block-size-background=1048576"
    "memorysetup-job-temp-allocator-reduction-small-platforms=262144"
    "memorysetup-temp-allocator-size-background-worker=32768"
    "memorysetup-temp-allocator-size-job-worker=262144"
    "memorysetup-temp-allocator-size-preload-manager=33554432"
    "memorysetup-temp-allocator-size-nav-mesh-worker=65536"
    "memorysetup-temp-allocator-size-audio-worker=65536"
    "memorysetup-temp-allocator-size-cloud-worker=32768"
    "memorysetup-temp-allocator-size-gi-baking-worker=262144"
    "memorysetup-temp-allocator-size-gfx=262144"
Refreshing native plugins compatible for Editor in 278.72 ms, found 4 plugins.
Preloading 0 native plugins for Editor in 0.00 ms.
Initialize engine version: 2021.3.8f1 (b30333d56e81)
[Subsystems] Discovering subsystems at path T:/Software/Unity Hub/Editor/2021.3.8f1/Editor/Data/Resources/UnitySubsystems
[Subsystems] Discovering subsystems at path T:/Projects/Everstone/Assets
GfxDevice: creating device client; threaded=0; jobified=0
Direct3D:
    Version:  Direct3D 11.0 [level 11.1]
    Renderer: NVIDIA GeForce GTX 1060 (ID=0x1c60)
    Vendor:   NVIDIA
    VRAM:     6052 MB
    Driver:   30.0.15.1278
Initialize mono
Mono path[0] = 'T:/Software/Unity Hub/Editor/2021.3.8f1/Editor/Data/Managed'
Mono path[1] = 'T:/Software/Unity Hub/Editor/2021.3.8f1/Editor/Data/MonoBleedingEdge/lib/mono/unityjit-win32'
Mono config path = 'T:/Software/Unity Hub/Editor/2021.3.8f1/Editor/Data/MonoBleedingEdge/etc'
Using monoOptions --debugger-agent=transport=dt_socket,embedding=1,server=y,suspend=n,address=127.0.0.1:56716
Begin MonoManager ReloadAssembly
Registering precompiled unity dll's ...
Register platform support module: T:/Software/Unity Hub/Editor/2021.3.8f1/Editor/Data/PlaybackEngines/WebGLSupport/UnityEditor.WebGL.Extensions.dll
Register platform support module: T:/Software/Unity Hub/Editor/2021.3.8f1/Editor/Data/PlaybackEngines/AndroidPlayer/UnityEditor.Android.Extensions.dll
Register platform support module: T:/Software/Unity Hub/Editor/2021.3.8f1/Editor/Data/PlaybackEngines/WindowsStandaloneSupport/UnityEditor.WindowsStandalone.Extensions.dll
Registered in 0.005463 seconds.
Native extension for WindowsStandalone target not found
Native extension for Android target not found
Native extension for WebGL target not found
Refreshing native plugins compatible for Editor in 229.08 ms, found 4 plugins.
Preloading 0 native plugins for Editor in 0.00 ms.
Mono: successfully reloaded assembly
- Completed reload, in  0.979 seconds
Domain Reload Profiling:
	ReloadAssembly (980ms)
		BeginReloadAssembly (84ms)
			ExecutionOrderSort (0ms)
			DisableScriptedObjects (0ms)
			BackupInstance (0ms)
			ReleaseScriptingObjects (0ms)
			CreateAndSetChildDomain (1ms)
		EndReloadAssembly (764ms)
			LoadAssemblies (83ms)
			RebuildTransferFunctionScriptingTraits (0ms)
			SetupTypeCache (152ms)
			ReleaseScriptCaches (0ms)
			RebuildScriptCaches (38ms)
			SetupLoadedEditorAssemblies (514ms)
				LogAssemblyErrors (0ms)
				InitializePlatformSupportModulesInManaged (55ms)
				SetLoadedEditorAssemblies (0ms)
				RefreshPlugins (229ms)
				BeforeProcessingInitializeOnLoad (2ms)
				ProcessInitializeOnLoadAttributes (164ms)
				ProcessInitializeOnLoadMethodAttributes (63ms)
				AfterProcessingInitializeOnLoad (0ms)
				EditorAssembliesLoaded (0ms)
			ExecutionOrderSort2 (0ms)
			AwakeInstancesAfterBackupRestoration (0ms)
Platform modules already initialized, skipping
Registering precompiled user dll's ...
Registered in 0.006797 seconds.
Begin MonoManager ReloadAssembly
Symbol file LoadedFromMemory doesn't match image T:\Projects\Everstone\Library\PackageCache\com.unity.visualscripting@1.7.8\Editor\VisualScripting.Core\Dependencies\YamlDotNet\Unity.VisualScripting.YamlDotNet.dll
Symbol file LoadedFromMemory doesn't match image T:\Projects\Everstone\Library\PackageCache\com.unity.visualscripting@1.7.8\Editor\VisualScripting.Core\Dependencies\DotNetZip\Unity.VisualScripting.IonicZip.dll
Native extension for WindowsStandalone target not found
Native extension for Android target not found
Native extension for WebGL target not found
Refreshing native plugins compatible for Editor in 232.76 ms, found 4 plugins.
Preloading 0 native plugins for Editor in 0.00 ms.
Mono: successfully reloaded assembly
Package Manager log level set to [2]
- Completed reload, in  1.924 seconds
Domain Reload Profiling:
	ReloadAssembly (1925ms)
		BeginReloadAssembly (158ms)
			ExecutionOrderSort (0ms)
			DisableScriptedObjects (18ms)
			BackupInstance (0ms)
			ReleaseScriptingObjects (0ms)
			CreateAndSetChildDomain (24ms)
		EndReloadAssembly (1625ms)
			LoadAssemblies (112ms)
			RebuildTransferFunctionScriptingTraits (0ms)
			SetupTypeCache (377ms)
			ReleaseScriptCaches (1ms)
			RebuildScriptCaches (101ms)
			SetupLoadedEditorAssemblies (978ms)
				LogAssemblyErrors (0ms)
				InitializePlatformSupportModulesInManaged (16ms)
				SetLoadedEditorAssemblies (0ms)
				RefreshPlugins (233ms)
				BeforeProcessingInitializeOnLoad (188ms)
				ProcessInitializeOnLoadAttributes (416ms)
				ProcessInitializeOnLoadMethodAttributes (122ms)
				AfterProcessingInitializeOnLoad (3ms)
				EditorAssembliesLoaded (0ms)
			ExecutionOrderSort2 (0ms)
			AwakeInstancesAfterBackupRestoration (7ms)
Platform modules already initialized, skipping
========================================================================
Worker process is ready to serve import requests
Launched and connected shader compiler UnityShaderCompiler.exe after 0.07 seconds
Refreshing native plugins compatible for Editor in 2.73 ms, found 4 plugins.
Preloading 0 native plugins for Editor in 0.00 ms.
Unloading 5838 Unused Serialized files (Serialized files now loaded: 0)
Unloading 59 unused Assets / (0.7 MB). Loaded Objects now: 6281.
Memory consumption went from 233.2 MB to 232.5 MB.
Total: 5.928900 ms (FindLiveObjects: 0.518900 ms CreateObjectMapping: 0.502000 ms MarkObjects: 4.603400 ms  DeleteObjects: 0.303600 ms)

AssetImportParameters requested are different than current active one (requested -> active):
  custom:video-decoder-ogg-theora: a1e56fd34408186e4bbccfd4996cb3dc -> 
  custom:container-muxer-webm: aa71ff27fc2769a1b78a27578f13a17b -> 
  custom:container-demuxer-webm: 4f35f7cbe854078d1ac9338744f61a02 -> 
  custom:video-encoder-webm-vp8: eb34c28f22e8b96e1ab97ce403110664 -> 
  custom:audio-encoder-webm-vorbis: bf7c407c2cedff20999df2af8eb42d56 -> 
  custom:framework-win-MediaFoundation: 216162199b28c13a410421893ffa2e32 -> 
  custom:container-demuxer-ogg: 62fdf1f143b41e24485cea50d1cbac27 -> 
  custom:video-decoder-webm-vp8: 9c59270c3fd7afecdb556c50c9e8de78 -> 
  custom:audio-decoder-ogg-vorbis: bf7c407c2cedff20999df2af8eb42d56 -> 
========================================================================
Received Import Request.
  Time since last request: 831944.123909 seconds.
  path: Assets/Sprites/UI/Classic_RPG_GUI Pack/Silhouette/druid_silhouette_woman.png
  artifactKey: Guid(a5f0838df787bf540a78006e0a1cc308) Importer(815301076,1909f56bfc062723c751e8b465ee728b)
Start importing Assets/Sprites/UI/Classic_RPG_GUI Pack/Silhouette/druid_silhouette_woman.png using Guid(a5f0838df787bf540a78006e0a1cc308) Importer(815301076,1909f56bfc062723c751e8b465ee728b)  -> (artifact id: '0b9b85c39f4965d458cf190a8fa596b6') in 0.636603 seconds 
========================================================================
Received Import Request.
  Time since last request: 0.000035 seconds.
  path: Assets/Sprites/UI/Classic_RPG_GUI Pack/Silhouette/warrior_silhouette_man.png
  artifactKey: Guid(09f502b1047044c4282b7dc5595a62cb) Importer(815301076,1909f56bfc062723c751e8b465ee728b)
Start importing Assets/Sprites/UI/Classic_RPG_GUI Pack/Silhouette/warrior_silhouette_man.png using Guid(09f502b1047044c4282b7dc5595a62cb) Importer(815301076,1909f56bfc062723c751e8b465ee728b)  -> (artifact id: '9b80152e90bcb88af3c407dea0e618ad') in 0.276820 seconds 
========================================================================
Received Import Request.
  Time since last request: 0.000035 seconds.
  path: Assets/Sprites/UI/Classic_RPG_GUI Pack/Silhouette/shadowmage_silhouette_man.png
  artifactKey: Guid(4104ac6b51a4900419940c4375dc0f77) Importer(815301076,1909f56bfc062723c751e8b465ee728b)
Start importing Assets/Sprites/UI/Classic_RPG_GUI Pack/Silhouette/shadowmage_silhouette_man.png using Guid(4104ac6b51a4900419940c4375dc0f77) Importer(815301076,1909f56bfc062723c751e8b465ee728b)  -> (artifact id: 'd8f18855d55dc3ebf7b6ecd209b49ca8') in 0.262491 seconds 
========================================================================
Received Import Request.
  Time since last request: 0.000027 seconds.
  path: Assets/Sprites/UI/Classic_RPG_GUI Pack/Silhouette/warrior_silhouette_woman.png
  artifactKey: Guid(5892de7c00cc4054cbb3c3bfb3a931ed) Importer(815301076,1909f56bfc062723c751e8b465ee728b)
Start importing Assets/Sprites/UI/Classic_RPG_GUI Pack/Silhouette/warrior_silhouette_woman.png using Guid(5892de7c00cc4054cbb3c3bfb3a931ed) Importer(815301076,1909f56bfc062723c751e8b465ee728b)  -> (artifact id: 'fffc700a310f1467db8dd290ce1162d9') in 0.197817 seconds 
========================================================================
Received Prepare
Registering precompiled user dll's ...
Registered in 0.006166 seconds.
Begin MonoManager ReloadAssembly
Symbol file LoadedFromMemory doesn't match image T:\Projects\Everstone\Library\PackageCache\com.unity.visualscripting@1.7.8\Editor\VisualScripting.Core\Dependencies\YamlDotNet\Unity.VisualScripting.YamlDotNet.dll
Symbol file LoadedFromMemory doesn't match image T:\Projects\Everstone\Library\PackageCache\com.unity.visualscripting@1.7.8\Editor\VisualScripting.Core\Dependencies\DotNetZip\Unity.VisualScripting.IonicZip.dll
Native extension for WindowsStandalone target not found
Native extension for Android target not found
Native extension for WebGL target not found
Refreshing native plugins compatible for Editor in 1.79 ms, found 4 plugins.
Preloading 0 native plugins for Editor in 0.00 ms.
Mono: successfully reloaded assembly
- Completed reload, in  1.502 seconds
Domain Reload Profiling:
	ReloadAssembly (1502ms)
		BeginReloadAssembly (182ms)
			ExecutionOrderSort (0ms)
			DisableScriptedObjects (9ms)
			BackupInstance (0ms)
			ReleaseScriptingObjects (0ms)
			CreateAndSetChildDomain (81ms)
		EndReloadAssembly (1215ms)
			LoadAssemblies (97ms)
			RebuildTransferFunctionScriptingTraits (0ms)
			SetupTypeCache (309ms)
			ReleaseScriptCaches (2ms)
			RebuildScriptCaches (59ms)
			SetupLoadedEditorAssemblies (597ms)
				LogAssemblyErrors (0ms)
				InitializePlatformSupportModulesInManaged (24ms)
				SetLoadedEditorAssemblies (1ms)
				RefreshPlugins (2ms)
				BeforeProcessingInitializeOnLoad (113ms)
				ProcessInitializeOnLoadAttributes (342ms)
				ProcessInitializeOnLoadMethodAttributes (109ms)
				AfterProcessingInitializeOnLoad (5ms)
				EditorAssembliesLoaded (0ms)
			ExecutionOrderSort2 (0ms)
			AwakeInstancesAfterBackupRestoration (11ms)
Platform modules already initialized, skipping
Refreshing native plugins compatible for Editor in 4.01 ms, found 4 plugins.
Preloading 0 native plugins for Editor in 0.00 ms.
Unloading 5692 Unused Serialized files (Serialized files now loaded: 0)
Unloading 46 unused Assets / (0.7 MB). Loaded Objects now: 6291.
Memory consumption went from 236.6 MB to 236.0 MB.
Total: 4.450500 ms (FindLiveObjects: 0.421500 ms CreateObjectMapping: 0.369500 ms MarkObjects: 3.348400 ms  DeleteObjects: 0.310100 ms)

AssetImportParameters requested are different than current active one (requested -> active):
  custom:video-decoder-ogg-theora: a1e56fd34408186e4bbccfd4996cb3dc -> 
  custom:container-muxer-webm: aa71ff27fc2769a1b78a27578f13a17b -> 
  custom:container-demuxer-webm: 4f35f7cbe854078d1ac9338744f61a02 -> 
  custom:video-encoder-webm-vp8: eb34c28f22e8b96e1ab97ce403110664 -> 
  custom:audio-encoder-webm-vorbis: bf7c407c2cedff20999df2af8eb42d56 -> 
  custom:framework-win-MediaFoundation: 216162199b28c13a410421893ffa2e32 -> 
  custom:container-demuxer-ogg: 62fdf1f143b41e24485cea50d1cbac27 -> 
  custom:video-decoder-webm-vp8: 9c59270c3fd7afecdb556c50c9e8de78 -> 
  custom:audio-decoder-ogg-vorbis: bf7c407c2cedff20999df2af8eb42d56 -> 
========================================================================
Received Import Request.
  Time since last request: 4540.217287 seconds.
  path: Assets/Sprites/Icons/Attribute_icons/512x512_icons/Colored_hq/Mana_nobg.png
  artifactKey: Guid(020981e908a24db409ce7300355a119a) Importer(815301076,1909f56bfc062723c751e8b465ee728b)
Start importing Assets/Sprites/Icons/Attribute_icons/512x512_icons/Colored_hq/Mana_nobg.png using Guid(020981e908a24db409ce7300355a119a) Importer(815301076,1909f56bfc062723c751e8b465ee728b)  -> (artifact id: 'fced509657b5b1ecc84dc388f39c9fb8') in 0.641972 seconds 
========================================================================
Received Import Request.
  Time since last request: 196.341492 seconds.
  path: Assets/Sprites/Icons/Attribute_icons/512x512_icons/Colored_hq/Energy_nobg.png
  artifactKey: Guid(52a016b78d887574fb92054139438200) Importer(815301076,1909f56bfc062723c751e8b465ee728b)
Start importing Assets/Sprites/Icons/Attribute_icons/512x512_icons/Colored_hq/Energy_nobg.png using Guid(52a016b78d887574fb92054139438200) Importer(815301076,1909f56bfc062723c751e8b465ee728b)  -> (artifact id: 'a1881420abb53318a4a8e50b3e0202e0') in 0.101889 seconds 
========================================================================
Received Import Request.
  Time since last request: 0.000036 seconds.
  path: Assets/Prefabs/UI/UnitStatus/PlayerEnergyBar.prefab
  artifactKey: Guid(baa21d00d3da3b8429628d994ef65520) Importer(815301076,1909f56bfc062723c751e8b465ee728b)
Start importing Assets/Prefabs/UI/UnitStatus/PlayerEnergyBar.prefab using Guid(baa21d00d3da3b8429628d994ef65520) Importer(815301076,1909f56bfc062723c751e8b465ee728b)  -> (artifact id: '2fb597aededbd5834427cbd0c251d30a') in 0.023149 seconds 
========================================================================
Received Import Request.
  Time since last request: 1.101349 seconds.
  path: Assets/Sprites/Icons/Attribute_icons/64x64_icons/Classic/Energy_b.png
  artifactKey: Guid(504e7c6031ad80c4b81f6a0e51a7eb43) Importer(815301076,1909f56bfc062723c751e8b465ee728b)
Start importing Assets/Sprites/Icons/Attribute_icons/64x64_icons/Classic/Energy_b.png using Guid(504e7c6031ad80c4b81f6a0e51a7eb43) Importer(815301076,1909f56bfc062723c751e8b465ee728b)  -> (artifact id: 'e4278aede68b2d83feeec9d0faef6f2e') in 0.351672 seconds 
========================================================================
Received Import Request.
  Time since last request: 0.000027 seconds.
  path: Assets/Sprites/Icons/Attribute_icons/64x64_icons/Colored/Energy_a.png
  artifactKey: Guid(5b548f159fb812f448d098ed35659099) Importer(815301076,1909f56bfc062723c751e8b465ee728b)
Start importing Assets/Sprites/Icons/Attribute_icons/64x64_icons/Colored/Energy_a.png using Guid(5b548f159fb812f448d098ed35659099) Importer(815301076,1909f56bfc062723c751e8b465ee728b)  -> (artifact id: '6af563d8c42a8b5d9be64b87c66f6f49') in 0.053214 seconds 
========================================================================
Received Import Request.
  Time since last request: 0.187638 seconds.
  path: Assets/Sprites/Icons/4000_Fantasy_Icons Pack/Resources/Profession_icons/Alchemy/Alchemy_49_middleenergy_flask.png
  artifactKey: Guid(7dbd9af3c0e51984a9413dad2f2be8bb) Importer(815301076,1909f56bfc062723c751e8b465ee728b)
Start importing Assets/Sprites/Icons/4000_Fantasy_Icons Pack/Resources/Profession_icons/Alchemy/Alchemy_49_middleenergy_flask.png using Guid(7dbd9af3c0e51984a9413dad2f2be8bb) Importer(815301076,1909f56bfc062723c751e8b465ee728b)  -> (artifact id: '68611f68741dbc991653e75da2327d3c') in 0.105680 seconds 
========================================================================
Received Import Request.
  Time since last request: 0.523994 seconds.
  path: Assets/Sprites/Icons/4000_Fantasy_Icons Pack/Resources/Profession_icons/Alchemy/Alchemy_24_energy_potion.png
  artifactKey: Guid(9487ec703e0c21c4eb628b70553bcf1a) Importer(815301076,1909f56bfc062723c751e8b465ee728b)
Start importing Assets/Sprites/Icons/4000_Fantasy_Icons Pack/Resources/Profession_icons/Alchemy/Alchemy_24_energy_potion.png using Guid(9487ec703e0c21c4eb628b70553bcf1a) Importer(815301076,1909f56bfc062723c751e8b465ee728b)  -> (artifact id: 'cf5b50d8e8227f08c114eae38dd82bea') in 0.140224 seconds 
========================================================================
Received Import Request.
  Time since last request: 0.732837 seconds.
  path: Assets/Sprites/Icons/4000_Fantasy_Icons Pack/Skills/500_skill_icons2/Bonus_2/Standart/73_unholy_energy.png
  artifactKey: Guid(37718f17fd81c9545961c61938d33b0e) Importer(815301076,1909f56bfc062723c751e8b465ee728b)
Start importing Assets/Sprites/Icons/4000_Fantasy_Icons Pack/Skills/500_skill_icons2/Bonus_2/Standart/73_unholy_energy.png using Guid(37718f17fd81c9545961c61938d33b0e) Importer(815301076,1909f56bfc062723c751e8b465ee728b)  -> (artifact id: '207d0544de9ce29db7ac18dcafe964ea') in 0.137124 seconds 
========================================================================
Received Import Request.
  Time since last request: 2105.722390 seconds.
  path: Assets/Sprites/Icons/4000_Fantasy_Icons Pack/Skills/500_skillicons/Skill_nobg/Archerskill_04_nobg.png
  artifactKey: Guid(1189cf36928968e45b02625c860c4171) Importer(815301076,1909f56bfc062723c751e8b465ee728b)
Start importing Assets/Sprites/Icons/4000_Fantasy_Icons Pack/Skills/500_skillicons/Skill_nobg/Archerskill_04_nobg.png using Guid(1189cf36928968e45b02625c860c4171) Importer(815301076,1909f56bfc062723c751e8b465ee728b)  -> (artifact id: '0b289c198c9b81c3c552252837e94695') in 0.168871 seconds 
========================================================================
Received Import Request.
  Time since last request: 0.000031 seconds.
  path: Assets/Sprites/Icons/4000_Fantasy_Icons Pack/Skills/500_skillicons/Skill_nobg/Archerskill_06_nobg.png
  artifactKey: Guid(9b9521ac74bd3204e92e0f7b3748ef9c) Importer(815301076,1909f56bfc062723c751e8b465ee728b)
Start importing Assets/Sprites/Icons/4000_Fantasy_Icons Pack/Skills/500_skillicons/Skill_nobg/Archerskill_06_nobg.png using Guid(9b9521ac74bd3204e92e0f7b3748ef9c) Importer(815301076,1909f56bfc062723c751e8b465ee728b)  -> (artifact id: '0038f2b664c47dd26cc1146fe6210c8e') in 0.077664 seconds 
========================================================================
Received Import Request.
  Time since last request: 0.000036 seconds.
  path: Assets/Sprites/Icons/4000_Fantasy_Icons Pack/Skills/500_skillicons/Skill_standart/Archerskill_06.png
  artifactKey: Guid(629790e6ac014c149b27b0127330bfbf) Importer(815301076,1909f56bfc062723c751e8b465ee728b)
Start importing Assets/Sprites/Icons/4000_Fantasy_Icons Pack/Skills/500_skillicons/Skill_standart/Archerskill_06.png using Guid(629790e6ac014c149b27b0127330bfbf) Importer(815301076,1909f56bfc062723c751e8b465ee728b)  -> (artifact id: '1fa8a2b1cd823bc970354343fa636ecb') in 0.060499 seconds 
Editor requested this worker to shutdown with reason: Scaling down because of idle timeout
AssetImportWorker is now disconnected from the server
Process exiting
Exiting without the bug reporter. Application will terminate with return code 0